<?xml version="1.0" encoding="UTF-8"?>
<!-- Generated by org.testng.reporters.JUnitReportReporter -->
<testsuite hostname="MWDH-Work2" failures="0" tests="1" name="ass2ApplyingAncestorAxesMethod.ChromWebDriver" time="0.310" errors="0" timestamp="2022-07-31T00:15:46 AST" skipped="0">
  <testcase classname="ass2ApplyingAncestorAxesMethod.ChromWebDriver" name="LearnEnglishWebSite" time="0.310"/>
  <system-out/>
</testsuite> <!-- ass2ApplyingAncestorAxesMethod.ChromWebDriver -->
